<?xml version="1.0" encoding="UTF-8"?>
<!-- Generated by org.testng.reporters.JUnitReportReporter -->
<testsuite hostname="Sumit-PC" name="test.GoogleSearch" tests="1" failures="0" timestamp="10 Aug 2015 05:35:20 GMT" time="30.076" errors="0">
  <testcase name="searchGoogleTest" time="30.076" classname="test.GoogleSearch"/>
</testsuite> <!-- test.GoogleSearch -->
