<?xml version="1.0" encoding="UTF-8"?>
<!-- Generated by org.testng.reporters.JUnitReportReporter -->
<testsuite hostname="Sumit-PC" name="test.GoogleSearchTest" tests="1" failures="0" timestamp="10 Aug 2015 07:09:04 GMT" time="50.611" errors="0">
  <testcase name="searchGoogle" time="50.611" classname="test.GoogleSearchTest"/>
</testsuite> <!-- test.GoogleSearchTest -->
